Build started 06-08-2016 22:34:54.
     1>Project "C:\Users\PRIYASH\Documents\Visual Studio 2013\Projects\WebCrawler\WebCrawler\WebCrawler.vcxproj" on node 2 (Build target(s)).
     1>ClCompile:
         C:\Program Files (x86)\Microsoft Visual Studio 12.0\VC\bin\x86_amd64\CL.exe /c /Zi /nologo /W3 /WX- /Od /D WIN32 /D _DEBUG /D _CONSOLE /D _LIB /D _UNICODE /D UNICODE /Gm /EHsc /RTC1 /MDd /GS /fp:precise /Zc:wchar_t /Zc:forScope /Fo"x64\Debug\\" /Fd"x64\Debug\vc120.pdb" /Gd /TP /errorReport:prompt Crawler.cpp Source.cpp
         Crawler.cpp
     1>Crawler.cpp(150): warning C4996: 'strcpy': This function or variable may be unsafe. Consider using strcpy_s instead. To disable deprecation, use _CRT_SECURE_NO_WARNINGS. See online help for details.
                 C:\Program Files (x86)\Microsoft Visual Studio 12.0\VC\include\string.h(112) : see declaration of 'strcpy'
     1>Crawler.cpp(158): warning C4996: 'strcpy': This function or variable may be unsafe. Consider using strcpy_s instead. To disable deprecation, use _CRT_SECURE_NO_WARNINGS. See online help for details.
                 C:\Program Files (x86)\Microsoft Visual Studio 12.0\VC\include\string.h(112) : see declaration of 'strcpy'
     1>Crawler.cpp(224): warning C4996: 'strcpy': This function or variable may be unsafe. Consider using strcpy_s instead. To disable deprecation, use _CRT_SECURE_NO_WARNINGS. See online help for details.
                 C:\Program Files (x86)\Microsoft Visual Studio 12.0\VC\include\string.h(112) : see declaration of 'strcpy'
         Generating Code...
         Compiling...
         Source.cpp
         Generating Code...
       Link:
         C:\Program Files (x86)\Microsoft Visual Studio 12.0\VC\bin\x86_amd64\link.exe /ERRORREPORT:PROMPT /OUT:"C:\Users\PRIYASH\Documents\Visual Studio 2013\Projects\WebCrawler\x64\Debug\WebCrawler.exe" /INCREMENTAL /NOLOGO urlmon.lib kernel32.lib user32.lib gdi32.lib winspool.lib comdlg32.lib advapi32.lib shell32.lib ole32.lib oleaut32.lib uuid.lib odbc32.lib odbccp32.lib /MANIFEST /MANIFESTUAC:"level='asInvoker' uiAccess='false'" /manifest:embed /DEBUG /PDB:"C:\Users\PRIYASH\Documents\Visual Studio 2013\Projects\WebCrawler\x64\Debug\WebCrawler.pdb" /SUBSYSTEM:CONSOLE /TLBID:1 /DYNAMICBASE /NXCOMPAT /IMPLIB:"C:\Users\PRIYASH\Documents\Visual Studio 2013\Projects\WebCrawler\x64\Debug\WebCrawler.lib" /MACHINE:X64 x64\Debug\Bloom_Filter.obj
         x64\Debug\Crawler.obj
         x64\Debug\Source.obj
         x64\Debug\xxhash.obj
         WebCrawler.vcxproj -> C:\Users\PRIYASH\Documents\Visual Studio 2013\Projects\WebCrawler\x64\Debug\WebCrawler.exe
     1>Done Building Project "C:\Users\PRIYASH\Documents\Visual Studio 2013\Projects\WebCrawler\WebCrawler\WebCrawler.vcxproj" (Build target(s)).

Build succeeded.

Time Elapsed 00:00:05.49
